
-------
21/40/2019 10:40:54
-------

CREATE TABLE items(
  id varchar(10) PRIMARY KEY,
  name varchar(50),
  quantity int,
  buyPrice decimal(7,2),
  sellPrice decimal(7,2),
  available int
) 

-------
21/14/2019 11:14:47
-------

CREATE TABLE items(
  id varchar(10) PRIMARY KEY,
  name varchar(50),
  quantity int,
  buyPrice decimal(7,2),
  sellPrice decimal(7,2),
  available int
) 
CREATE TABLE item_buy(
  item_id varchar(10),
  quantity int,
  buyPrice DECIMAL(7,2),
  salePrice DECIMAL(7,2),
  date Date,
  total_bill DECIMAL(10,2),
  payment_date Date,
  check_no varchar(25)
)


-------
21/19/2019 11:19:38
-------

CREATE TABLE items(
  id varchar(10) PRIMARY KEY,
  name varchar(50),
  quantity int,
  buyPrice decimal(7,2),
  sellPrice decimal(7,2),
  available int
) 
CREATE TABLE item_buy(
  item_id varchar(10),
  quantity int,
  buyPrice DECIMAL(7,2),
  salePrice DECIMAL(7,2),
  day Date,
  total_bill DECIMAL(10,2),
  payment_date Date,
  check_no varchar(25)
)

CREATE TABLE daily(
  item_no varchar(10),
  quantity int,
  day Date,
  sale_price decimal(7,2),
  income decimal(10,2),
  profit decimal(8,2)
) 
